Build started 9/12/2013 9:59:56 PM.
     1>Project "C:\Users\Alex\Documents\Cornell University\Courses\CS 4670\Projects\Project 1\project\iScissor.vcxproj" on node 2 (Build target(s)).
     1>ClCompile:
         C:\Program Files (x86)\Microsoft Visual Studio 11.0\VC\bin\CL.exe /c /I. /ZI /nologo /W3 /WX- /MP /Od /Oy- /D WIN32 /D _DEBUG /D _CONSOLE /D _MBCS /Gm- /EHsc /RTC1 /MDd /GS /fp:precise /Zc:wchar_t /Zc:forScope /Fo".\Debug/" /Fd".\Debug/vc110.pdb" /Gd /TP /analyze- /errorReport:prompt /wd4996 src\correlation.cpp
         correlation.cpp
       Link:
         C:\Program Files (x86)\Microsoft Visual Studio 11.0\VC\bin\link.exe /ERRORREPORT:PROMPT /OUT:".\Debug\iScissor.exe" /INCREMENTAL /NOLOGO /LIBPATH:winLibs fltk.lib fltkgl.lib fltkgld.lib fltkimagesd.lib comctl32.lib fltkd.lib odbc32.lib odbccp32.lib opengl32.lib glu32.lib wsock32.lib kernel32.lib user32.lib gdi32.lib winspool.lib comdlg32.lib advapi32.lib shell32.lib ole32.lib oleaut32.lib uuid.lib odbc32.lib odbccp32.lib /NODEFAULTLIB:libcd /MANIFEST /MANIFESTUAC:"level='asInvoker' uiAccess='false'" /manifest:embed /DEBUG /PDB:".\Debug/iScissor.pdb" /SUBSYSTEM:CONSOLE /TLBID:1 /DYNAMICBASE /NXCOMPAT /IMPLIB:".\Debug\iScissor.lib" /MACHINE:X86 /SAFESEH /MACHINE:I386 .\Debug/BrushConfigUI.obj
         .\Debug/correlation.obj
         .\Debug/FltDesignUI.obj
         .\Debug/HelpPageUI.obj
         .\Debug/ImgFilterUI.obj
         .\Debug/ImgFltAux.obj
         .\Debug/ImgFltMain.obj
         .\Debug/ImgView.obj
         .\Debug/iScissor.obj
         .\Debug/ScissorPanelUI.obj
         .\Debug/FileIO.obj
         .\Debug/Image.obj
         .\Debug/RefCntMem.obj
     1>BrushConfigUI.obj : warning LNK4075: ignoring '/EDITANDCONTINUE' due to '/SAFESEH' specification
     1>LINK : warning LNK4098: defaultlib 'MSVCRT' conflicts with use of other libs; use /NODEFAULTLIB:library
         iScissor.vcxproj -> C:\Users\Alex\Documents\Cornell University\Courses\CS 4670\Projects\Project 1\project\.\Debug\iScissor.exe
     1>Done Building Project "C:\Users\Alex\Documents\Cornell University\Courses\CS 4670\Projects\Project 1\project\iScissor.vcxproj" (Build target(s)).

Build succeeded.

Time Elapsed 00:00:02.03
